[ 5565318ms] [ERROR] %c%s%c background: #e6e6e6;background: light-dark(rgba(0,0,0,0.1), rgba(255,255,255,0.25));color: #000000;color: light-dark(#000000, #ffffff);border-radius: 2px  Server   Error: FORMATTING_ERROR: The intl string context variable "count" was not provided to the string "Choose from our collection of {count}+ free PDF tools to handle any task."
    at HomePage (about://React/Server/file:///Users/zhenghui/Documents/repos/pdfuck/.next/dev/server/chunks/ssr/%5Broot-of-the-server%5D__c844d0c8._.js?438:4089:47)
    at resolveErrorDev (http://localhost:8787/_next/static/chunks/89394_next_dist_compiled_react-server-dom-turbopack_187deae5._.js:1894:106)
    at getOutlinedModel (http://localhost:8787/_next/static/chunks/89394_next_dist_compiled_react-server-dom-turbopack_187deae5._.js:1447:28)
    at parseModelString (http://localhost:8787/_next/static/chunks/89394_next_dist_compiled_react-server-dom-turbopack_187deae5._.js:1561:50)
    at Object.<anonymous> (http://localhost:8787/_next/static/chunks/89394_next_dist_compiled_react-server-dom-turbopack_187deae5._.js:2486:55)
    at JSON.parse (<anonymous>)
    at initializeModelChunk (http://localhost:8787/_next/static/chunks/89394_next_dist_compiled_react-server-dom-turbopack_187deae5._.js:1064:30)
    at getOutlinedModel (http://localhost:8787/_next/static/chunks/89394_next_dist_compiled_react-server-dom-turbopack_187deae5._.js:1385:17)
    at parseModelString (http://localhost:8787/_next/static/chunks/89394_next_dist_compiled_react-server-dom-turbopack_187deae5._.js:1615:50)
    at Array.<anonymous> (http://localhost:8787/_next/static/chunks/89394_next_dist_compiled_react-server-dom-turbopack_187deae5._.js:2486:55)
    at JSON.parse (<anonymous>)
    at initializeModelChunk (http://localhost:8787/_next/static/chunks/89394_next_dist_compiled_react-server-dom-turbopack_187deae5._.js:1064:30)
    at resolveConsoleEntry (http://localhost:8787/_next/static/chunks/89394_next_dist_compiled_react-server-dom-turbopack_187deae5._.js:2020:96)
    at processFullStringRow (http://localhost:8787/_next/static/chunks/89394_next_dist_compiled_react-server-dom-turbopack_187deae5._.js:2421:17)
    at processFullBinaryRow (http://localhost:8787/_next/static/chunks/89394_next_dist_compiled_react-server-dom-turbopack_187deae5._.js:2361:9)
    at processBinaryChunk (http://localhost:8787/_next/static/chunks/89394_next_dist_compiled_react-server-dom-turbopack_187deae5._.js:2470:221)
    at progress (http://localhost:8787/_next/static/chunks/89394_next_dist_compiled_react-server-dom-turbopack_187deae5._.js:2640:13) @ http://localhost:8787/_next/static/chunks/89394_next_dist_703f1a24._.js:3127
[ 5565421ms] [ERROR] %c%s%c background: #e6e6e6;background: light-dark(rgba(0,0,0,0.1), rgba(255,255,255,0.25));color: #000000;color: light-dark(#000000, #ffffff);border-radius: 2px  Server   Error: FORMATTING_ERROR: The intl string context variable "count" was not provided to the string "Choose from our collection of {count}+ free PDF tools to handle any task."
    at HomePage (about://React/Server/file:///Users/zhenghui/Documents/repos/pdfuck/.next/dev/server/chunks/ssr/%5Broot-of-the-server%5D__c844d0c8._.js?438:4089:47)
    at resolveErrorDev (http://localhost:8787/_next/static/chunks/89394_next_dist_compiled_react-server-dom-turbopack_187deae5._.js:1894:106)
    at getOutlinedModel (http://localhost:8787/_next/static/chunks/89394_next_dist_compiled_react-server-dom-turbopack_187deae5._.js:1447:28)
    at parseModelString (http://localhost:8787/_next/static/chunks/89394_next_dist_compiled_react-server-dom-turbopack_187deae5._.js:1561:50)
    at Object.<anonymous> (http://localhost:8787/_next/static/chunks/89394_next_dist_compiled_react-server-dom-turbopack_187deae5._.js:2486:55)
    at JSON.parse (<anonymous>)
    at initializeModelChunk (http://localhost:8787/_next/static/chunks/89394_next_dist_compiled_react-server-dom-turbopack_187deae5._.js:1064:30)
    at getOutlinedModel (http://localhost:8787/_next/static/chunks/89394_next_dist_compiled_react-server-dom-turbopack_187deae5._.js:1385:17)
    at parseModelString (http://localhost:8787/_next/static/chunks/89394_next_dist_compiled_react-server-dom-turbopack_187deae5._.js:1615:50)
    at Array.<anonymous> (http://localhost:8787/_next/static/chunks/89394_next_dist_compiled_react-server-dom-turbopack_187deae5._.js:2486:55)
    at JSON.parse (<anonymous>)
    at initializeModelChunk (http://localhost:8787/_next/static/chunks/89394_next_dist_compiled_react-server-dom-turbopack_187deae5._.js:1064:30)
    at resolveConsoleEntry (http://localhost:8787/_next/static/chunks/89394_next_dist_compiled_react-server-dom-turbopack_187deae5._.js:2020:96)
    at processFullStringRow (http://localhost:8787/_next/static/chunks/89394_next_dist_compiled_react-server-dom-turbopack_187deae5._.js:2421:17)
    at processFullBinaryRow (http://localhost:8787/_next/static/chunks/89394_next_dist_compiled_react-server-dom-turbopack_187deae5._.js:2361:9)
    at processBinaryChunk (http://localhost:8787/_next/static/chunks/89394_next_dist_compiled_react-server-dom-turbopack_187deae5._.js:2470:221)
    at progress (http://localhost:8787/_next/static/chunks/89394_next_dist_compiled_react-server-dom-turbopack_187deae5._.js:2640:13) @ http://localhost:8787/_next/static/chunks/89394_next_dist_703f1a24._.js:3127
[ 5565424ms] [ERROR] %c%s%c background: #e6e6e6;background: light-dark(rgba(0,0,0,0.1), rgba(255,255,255,0.25));color: #000000;color: light-dark(#000000, #ffffff);border-radius: 2px  Server   Error: FORMATTING_ERROR: The intl string context variable "count" was not provided to the string "Choose from our collection of {count}+ free PDF tools to handle any task."
    at HomePage (about://React/Server/file:///Users/zhenghui/Documents/repos/pdfuck/.next/dev/server/chunks/ssr/%5Broot-of-the-server%5D__c844d0c8._.js?438:4089:47)
    at resolveErrorDev (http://localhost:8787/_next/static/chunks/89394_next_dist_compiled_react-server-dom-turbopack_187deae5._.js:1894:106)
    at getOutlinedModel (http://localhost:8787/_next/static/chunks/89394_next_dist_compiled_react-server-dom-turbopack_187deae5._.js:1447:28)
    at parseModelString (http://localhost:8787/_next/static/chunks/89394_next_dist_compiled_react-server-dom-turbopack_187deae5._.js:1561:50)
    at Object.<anonymous> (http://localhost:8787/_next/static/chunks/89394_next_dist_compiled_react-server-dom-turbopack_187deae5._.js:2486:55)
    at JSON.parse (<anonymous>)
    at initializeModelChunk (http://localhost:8787/_next/static/chunks/89394_next_dist_compiled_react-server-dom-turbopack_187deae5._.js:1064:30)
    at getOutlinedModel (http://localhost:8787/_next/static/chunks/89394_next_dist_compiled_react-server-dom-turbopack_187deae5._.js:1385:17)
    at parseModelString (http://localhost:8787/_next/static/chunks/89394_next_dist_compiled_react-server-dom-turbopack_187deae5._.js:1615:50)
    at Array.<anonymous> (http://localhost:8787/_next/static/chunks/89394_next_dist_compiled_react-server-dom-turbopack_187deae5._.js:2486:55)
    at JSON.parse (<anonymous>)
    at initializeModelChunk (http://localhost:8787/_next/static/chunks/89394_next_dist_compiled_react-server-dom-turbopack_187deae5._.js:1064:30)
    at resolveConsoleEntry (http://localhost:8787/_next/static/chunks/89394_next_dist_compiled_react-server-dom-turbopack_187deae5._.js:2020:96)
    at processFullStringRow (http://localhost:8787/_next/static/chunks/89394_next_dist_compiled_react-server-dom-turbopack_187deae5._.js:2421:17)
    at processFullBinaryRow (http://localhost:8787/_next/static/chunks/89394_next_dist_compiled_react-server-dom-turbopack_187deae5._.js:2361:9)
    at processBinaryChunk (http://localhost:8787/_next/static/chunks/89394_next_dist_compiled_react-server-dom-turbopack_187deae5._.js:2470:221)
    at progress (http://localhost:8787/_next/static/chunks/89394_next_dist_compiled_react-server-dom-turbopack_187deae5._.js:2640:13) @ http://localhost:8787/_next/static/chunks/89394_next_dist_703f1a24._.js:3127
[ 5566880ms] [ERROR] %c%s%c background: #e6e6e6;background: light-dark(rgba(0,0,0,0.1), rgba(255,255,255,0.25));color: #000000;color: light-dark(#000000, #ffffff);border-radius: 2px  Server   Error: FORMATTING_ERROR: The intl string context variable "count" was not provided to the string "Choose from our collection of {count}+ free PDF tools to handle any task."
    at HomePage (about://React/Server/file:///Users/zhenghui/Documents/repos/pdfuck/.next/dev/server/chunks/ssr/%5Broot-of-the-server%5D__c844d0c8._.js?438:4089:47)
    at resolveErrorDev (http://localhost:8787/_next/static/chunks/89394_next_dist_compiled_react-server-dom-turbopack_187deae5._.js:1894:106)
    at getOutlinedModel (http://localhost:8787/_next/static/chunks/89394_next_dist_compiled_react-server-dom-turbopack_187deae5._.js:1447:28)
    at parseModelString (http://localhost:8787/_next/static/chunks/89394_next_dist_compiled_react-server-dom-turbopack_187deae5._.js:1561:50)
    at Object.<anonymous> (http://localhost:8787/_next/static/chunks/89394_next_dist_compiled_react-server-dom-turbopack_187deae5._.js:2486:55)
    at JSON.parse (<anonymous>)
    at initializeModelChunk (http://localhost:8787/_next/static/chunks/89394_next_dist_compiled_react-server-dom-turbopack_187deae5._.js:1064:30)
    at getOutlinedModel (http://localhost:8787/_next/static/chunks/89394_next_dist_compiled_react-server-dom-turbopack_187deae5._.js:1385:17)
    at parseModelString (http://localhost:8787/_next/static/chunks/89394_next_dist_compiled_react-server-dom-turbopack_187deae5._.js:1615:50)
    at Array.<anonymous> (http://localhost:8787/_next/static/chunks/89394_next_dist_compiled_react-server-dom-turbopack_187deae5._.js:2486:55)
    at JSON.parse (<anonymous>)
    at initializeModelChunk (http://localhost:8787/_next/static/chunks/89394_next_dist_compiled_react-server-dom-turbopack_187deae5._.js:1064:30)
    at resolveConsoleEntry (http://localhost:8787/_next/static/chunks/89394_next_dist_compiled_react-server-dom-turbopack_187deae5._.js:2020:96)
    at processFullStringRow (http://localhost:8787/_next/static/chunks/89394_next_dist_compiled_react-server-dom-turbopack_187deae5._.js:2421:17)
    at processFullBinaryRow (http://localhost:8787/_next/static/chunks/89394_next_dist_compiled_react-server-dom-turbopack_187deae5._.js:2361:9)
    at processBinaryChunk (http://localhost:8787/_next/static/chunks/89394_next_dist_compiled_react-server-dom-turbopack_187deae5._.js:2470:221)
    at progress (http://localhost:8787/_next/static/chunks/89394_next_dist_compiled_react-server-dom-turbopack_187deae5._.js:2640:13) @ http://localhost:8787/_next/static/chunks/89394_next_dist_703f1a24._.js:3127
[ 5567022ms] [ERROR] %c%s%c background: #e6e6e6;background: light-dark(rgba(0,0,0,0.1), rgba(255,255,255,0.25));color: #000000;color: light-dark(#000000, #ffffff);border-radius: 2px  Server   Error: FORMATTING_ERROR: The intl string context variable "count" was not provided to the string "Choose from our collection of {count}+ free PDF tools to handle any task."
    at HomePage (about://React/Server/file:///Users/zhenghui/Documents/repos/pdfuck/.next/dev/server/chunks/ssr/%5Broot-of-the-server%5D__c844d0c8._.js?438:4089:47)
    at resolveErrorDev (http://localhost:8787/_next/static/chunks/89394_next_dist_compiled_react-server-dom-turbopack_187deae5._.js:1894:106)
    at getOutlinedModel (http://localhost:8787/_next/static/chunks/89394_next_dist_compiled_react-server-dom-turbopack_187deae5._.js:1447:28)
    at parseModelString (http://localhost:8787/_next/static/chunks/89394_next_dist_compiled_react-server-dom-turbopack_187deae5._.js:1561:50)
    at Object.<anonymous> (http://localhost:8787/_next/static/chunks/89394_next_dist_compiled_react-server-dom-turbopack_187deae5._.js:2486:55)
    at JSON.parse (<anonymous>)
    at initializeModelChunk (http://localhost:8787/_next/static/chunks/89394_next_dist_compiled_react-server-dom-turbopack_187deae5._.js:1064:30)
    at getOutlinedModel (http://localhost:8787/_next/static/chunks/89394_next_dist_compiled_react-server-dom-turbopack_187deae5._.js:1385:17)
    at parseModelString (http://localhost:8787/_next/static/chunks/89394_next_dist_compiled_react-server-dom-turbopack_187deae5._.js:1615:50)
    at Array.<anonymous> (http://localhost:8787/_next/static/chunks/89394_next_dist_compiled_react-server-dom-turbopack_187deae5._.js:2486:55)
    at JSON.parse (<anonymous>)
    at initializeModelChunk (http://localhost:8787/_next/static/chunks/89394_next_dist_compiled_react-server-dom-turbopack_187deae5._.js:1064:30)
    at resolveConsoleEntry (http://localhost:8787/_next/static/chunks/89394_next_dist_compiled_react-server-dom-turbopack_187deae5._.js:2020:96)
    at processFullStringRow (http://localhost:8787/_next/static/chunks/89394_next_dist_compiled_react-server-dom-turbopack_187deae5._.js:2421:17)
    at processFullBinaryRow (http://localhost:8787/_next/static/chunks/89394_next_dist_compiled_react-server-dom-turbopack_187deae5._.js:2361:9)
    at processBinaryChunk (http://localhost:8787/_next/static/chunks/89394_next_dist_compiled_react-server-dom-turbopack_187deae5._.js:2470:221)
    at progress (http://localhost:8787/_next/static/chunks/89394_next_dist_compiled_react-server-dom-turbopack_187deae5._.js:2640:13) @ http://localhost:8787/_next/static/chunks/89394_next_dist_703f1a24._.js:3127
[ 5567027ms] [ERROR] %c%s%c background: #e6e6e6;background: light-dark(rgba(0,0,0,0.1), rgba(255,255,255,0.25));color: #000000;color: light-dark(#000000, #ffffff);border-radius: 2px  Server   Error: FORMATTING_ERROR: The intl string context variable "count" was not provided to the string "Choose from our collection of {count}+ free PDF tools to handle any task."
    at HomePage (about://React/Server/file:///Users/zhenghui/Documents/repos/pdfuck/.next/dev/server/chunks/ssr/%5Broot-of-the-server%5D__c844d0c8._.js?438:4089:47)
    at resolveErrorDev (http://localhost:8787/_next/static/chunks/89394_next_dist_compiled_react-server-dom-turbopack_187deae5._.js:1894:106)
    at getOutlinedModel (http://localhost:8787/_next/static/chunks/89394_next_dist_compiled_react-server-dom-turbopack_187deae5._.js:1447:28)
    at parseModelString (http://localhost:8787/_next/static/chunks/89394_next_dist_compiled_react-server-dom-turbopack_187deae5._.js:1561:50)
    at Object.<anonymous> (http://localhost:8787/_next/static/chunks/89394_next_dist_compiled_react-server-dom-turbopack_187deae5._.js:2486:55)
    at JSON.parse (<anonymous>)
    at initializeModelChunk (http://localhost:8787/_next/static/chunks/89394_next_dist_compiled_react-server-dom-turbopack_187deae5._.js:1064:30)
    at getOutlinedModel (http://localhost:8787/_next/static/chunks/89394_next_dist_compiled_react-server-dom-turbopack_187deae5._.js:1385:17)
    at parseModelString (http://localhost:8787/_next/static/chunks/89394_next_dist_compiled_react-server-dom-turbopack_187deae5._.js:1615:50)
    at Array.<anonymous> (http://localhost:8787/_next/static/chunks/89394_next_dist_compiled_react-server-dom-turbopack_187deae5._.js:2486:55)
    at JSON.parse (<anonymous>)
    at initializeModelChunk (http://localhost:8787/_next/static/chunks/89394_next_dist_compiled_react-server-dom-turbopack_187deae5._.js:1064:30)
    at resolveConsoleEntry (http://localhost:8787/_next/static/chunks/89394_next_dist_compiled_react-server-dom-turbopack_187deae5._.js:2020:96)
    at processFullStringRow (http://localhost:8787/_next/static/chunks/89394_next_dist_compiled_react-server-dom-turbopack_187deae5._.js:2421:17)
    at processFullBinaryRow (http://localhost:8787/_next/static/chunks/89394_next_dist_compiled_react-server-dom-turbopack_187deae5._.js:2361:9)
    at processBinaryChunk (http://localhost:8787/_next/static/chunks/89394_next_dist_compiled_react-server-dom-turbopack_187deae5._.js:2470:221)
    at progress (http://localhost:8787/_next/static/chunks/89394_next_dist_compiled_react-server-dom-turbopack_187deae5._.js:2640:13) @ http://localhost:8787/_next/static/chunks/89394_next_dist_703f1a24._.js:3127
[ 5567851ms] [ERROR] %c%s%c background: #e6e6e6;background: light-dark(rgba(0,0,0,0.1), rgba(255,255,255,0.25));color: #000000;color: light-dark(#000000, #ffffff);border-radius: 2px  Server   Error: FORMATTING_ERROR: The intl string context variable "count" was not provided to the string "Choose from our collection of {count}+ free PDF tools to handle any task."
    at HomePage (about://React/Server/file:///Users/zhenghui/Documents/repos/pdfuck/.next/dev/server/chunks/ssr/%5Broot-of-the-server%5D__c844d0c8._.js?438:4089:47)
    at resolveErrorDev (http://localhost:8787/_next/static/chunks/89394_next_dist_compiled_react-server-dom-turbopack_187deae5._.js:1894:106)
    at getOutlinedModel (http://localhost:8787/_next/static/chunks/89394_next_dist_compiled_react-server-dom-turbopack_187deae5._.js:1447:28)
    at parseModelString (http://localhost:8787/_next/static/chunks/89394_next_dist_compiled_react-server-dom-turbopack_187deae5._.js:1561:50)
    at Object.<anonymous> (http://localhost:8787/_next/static/chunks/89394_next_dist_compiled_react-server-dom-turbopack_187deae5._.js:2486:55)
    at JSON.parse (<anonymous>)
    at initializeModelChunk (http://localhost:8787/_next/static/chunks/89394_next_dist_compiled_react-server-dom-turbopack_187deae5._.js:1064:30)
    at getOutlinedModel (http://localhost:8787/_next/static/chunks/89394_next_dist_compiled_react-server-dom-turbopack_187deae5._.js:1385:17)
    at parseModelString (http://localhost:8787/_next/static/chunks/89394_next_dist_compiled_react-server-dom-turbopack_187deae5._.js:1615:50)
    at Array.<anonymous> (http://localhost:8787/_next/static/chunks/89394_next_dist_compiled_react-server-dom-turbopack_187deae5._.js:2486:55)
    at JSON.parse (<anonymous>)
    at initializeModelChunk (http://localhost:8787/_next/static/chunks/89394_next_dist_compiled_react-server-dom-turbopack_187deae5._.js:1064:30)
    at resolveConsoleEntry (http://localhost:8787/_next/static/chunks/89394_next_dist_compiled_react-server-dom-turbopack_187deae5._.js:2020:96)
    at processFullStringRow (http://localhost:8787/_next/static/chunks/89394_next_dist_compiled_react-server-dom-turbopack_187deae5._.js:2421:17)
    at processFullBinaryRow (http://localhost:8787/_next/static/chunks/89394_next_dist_compiled_react-server-dom-turbopack_187deae5._.js:2361:9)
    at processBinaryChunk (http://localhost:8787/_next/static/chunks/89394_next_dist_compiled_react-server-dom-turbopack_187deae5._.js:2470:221)
    at progress (http://localhost:8787/_next/static/chunks/89394_next_dist_compiled_react-server-dom-turbopack_187deae5._.js:2640:13) @ http://localhost:8787/_next/static/chunks/89394_next_dist_703f1a24._.js:3127
[ 5567967ms] [ERROR] %c%s%c background: #e6e6e6;background: light-dark(rgba(0,0,0,0.1), rgba(255,255,255,0.25));color: #000000;color: light-dark(#000000, #ffffff);border-radius: 2px  Server   Error: FORMATTING_ERROR: The intl string context variable "count" was not provided to the string "Choose from our collection of {count}+ free PDF tools to handle any task."
    at HomePage (about://React/Server/file:///Users/zhenghui/Documents/repos/pdfuck/.next/dev/server/chunks/ssr/%5Broot-of-the-server%5D__c844d0c8._.js?438:4089:47)
    at resolveErrorDev (http://localhost:8787/_next/static/chunks/89394_next_dist_compiled_react-server-dom-turbopack_187deae5._.js:1894:106)
    at getOutlinedModel (http://localhost:8787/_next/static/chunks/89394_next_dist_compiled_react-server-dom-turbopack_187deae5._.js:1447:28)
    at parseModelString (http://localhost:8787/_next/static/chunks/89394_next_dist_compiled_react-server-dom-turbopack_187deae5._.js:1561:50)
    at Object.<anonymous> (http://localhost:8787/_next/static/chunks/89394_next_dist_compiled_react-server-dom-turbopack_187deae5._.js:2486:55)
    at JSON.parse (<anonymous>)
    at initializeModelChunk (http://localhost:8787/_next/static/chunks/89394_next_dist_compiled_react-server-dom-turbopack_187deae5._.js:1064:30)
    at getOutlinedModel (http://localhost:8787/_next/static/chunks/89394_next_dist_compiled_react-server-dom-turbopack_187deae5._.js:1385:17)
    at parseModelString (http://localhost:8787/_next/static/chunks/89394_next_dist_compiled_react-server-dom-turbopack_187deae5._.js:1615:50)
    at Array.<anonymous> (http://localhost:8787/_next/static/chunks/89394_next_dist_compiled_react-server-dom-turbopack_187deae5._.js:2486:55)
    at JSON.parse (<anonymous>)
    at initializeModelChunk (http://localhost:8787/_next/static/chunks/89394_next_dist_compiled_react-server-dom-turbopack_187deae5._.js:1064:30)
    at resolveConsoleEntry (http://localhost:8787/_next/static/chunks/89394_next_dist_compiled_react-server-dom-turbopack_187deae5._.js:2020:96)
    at processFullStringRow (http://localhost:8787/_next/static/chunks/89394_next_dist_compiled_react-server-dom-turbopack_187deae5._.js:2421:17)
    at processFullBinaryRow (http://localhost:8787/_next/static/chunks/89394_next_dist_compiled_react-server-dom-turbopack_187deae5._.js:2361:9)
    at processBinaryChunk (http://localhost:8787/_next/static/chunks/89394_next_dist_compiled_react-server-dom-turbopack_187deae5._.js:2470:221)
    at progress (http://localhost:8787/_next/static/chunks/89394_next_dist_compiled_react-server-dom-turbopack_187deae5._.js:2640:13) @ http://localhost:8787/_next/static/chunks/89394_next_dist_703f1a24._.js:3127
[ 5567971ms] [ERROR] %c%s%c background: #e6e6e6;background: light-dark(rgba(0,0,0,0.1), rgba(255,255,255,0.25));color: #000000;color: light-dark(#000000, #ffffff);border-radius: 2px  Server   Error: FORMATTING_ERROR: The intl string context variable "count" was not provided to the string "Choose from our collection of {count}+ free PDF tools to handle any task."
    at HomePage (about://React/Server/file:///Users/zhenghui/Documents/repos/pdfuck/.next/dev/server/chunks/ssr/%5Broot-of-the-server%5D__c844d0c8._.js?438:4089:47)
    at resolveErrorDev (http://localhost:8787/_next/static/chunks/89394_next_dist_compiled_react-server-dom-turbopack_187deae5._.js:1894:106)
    at getOutlinedModel (http://localhost:8787/_next/static/chunks/89394_next_dist_compiled_react-server-dom-turbopack_187deae5._.js:1447:28)
    at parseModelString (http://localhost:8787/_next/static/chunks/89394_next_dist_compiled_react-server-dom-turbopack_187deae5._.js:1561:50)
    at Object.<anonymous> (http://localhost:8787/_next/static/chunks/89394_next_dist_compiled_react-server-dom-turbopack_187deae5._.js:2486:55)
    at JSON.parse (<anonymous>)
    at initializeModelChunk (http://localhost:8787/_next/static/chunks/89394_next_dist_compiled_react-server-dom-turbopack_187deae5._.js:1064:30)
    at getOutlinedModel (http://localhost:8787/_next/static/chunks/89394_next_dist_compiled_react-server-dom-turbopack_187deae5._.js:1385:17)
    at parseModelString (http://localhost:8787/_next/static/chunks/89394_next_dist_compiled_react-server-dom-turbopack_187deae5._.js:1615:50)
    at Array.<anonymous> (http://localhost:8787/_next/static/chunks/89394_next_dist_compiled_react-server-dom-turbopack_187deae5._.js:2486:55)
    at JSON.parse (<anonymous>)
    at initializeModelChunk (http://localhost:8787/_next/static/chunks/89394_next_dist_compiled_react-server-dom-turbopack_187deae5._.js:1064:30)
    at resolveConsoleEntry (http://localhost:8787/_next/static/chunks/89394_next_dist_compiled_react-server-dom-turbopack_187deae5._.js:2020:96)
    at processFullStringRow (http://localhost:8787/_next/static/chunks/89394_next_dist_compiled_react-server-dom-turbopack_187deae5._.js:2421:17)
    at processFullBinaryRow (http://localhost:8787/_next/static/chunks/89394_next_dist_compiled_react-server-dom-turbopack_187deae5._.js:2361:9)
    at processBinaryChunk (http://localhost:8787/_next/static/chunks/89394_next_dist_compiled_react-server-dom-turbopack_187deae5._.js:2470:221)
    at progress (http://localhost:8787/_next/static/chunks/89394_next_dist_compiled_react-server-dom-turbopack_187deae5._.js:2640:13) @ http://localhost:8787/_next/static/chunks/89394_next_dist_703f1a24._.js:3127
[ 5569568ms] [ERROR] %c%s%c background: #e6e6e6;background: light-dark(rgba(0,0,0,0.1), rgba(255,255,255,0.25));color: #000000;color: light-dark(#000000, #ffffff);border-radius: 2px  Server   Error: FORMATTING_ERROR: The intl string context variable "count" was not provided to the string "Choose from our collection of {count}+ free PDF tools to handle any task."
    at HomePage (about://React/Server/file:///Users/zhenghui/Documents/repos/pdfuck/.next/dev/server/chunks/ssr/%5Broot-of-the-server%5D__c844d0c8._.js?438:4089:47)
    at resolveErrorDev (http://localhost:8787/_next/static/chunks/89394_next_dist_compiled_react-server-dom-turbopack_187deae5._.js:1894:106)
    at getOutlinedModel (http://localhost:8787/_next/static/chunks/89394_next_dist_compiled_react-server-dom-turbopack_187deae5._.js:1447:28)
    at parseModelString (http://localhost:8787/_next/static/chunks/89394_next_dist_compiled_react-server-dom-turbopack_187deae5._.js:1561:50)
    at Object.<anonymous> (http://localhost:8787/_next/static/chunks/89394_next_dist_compiled_react-server-dom-turbopack_187deae5._.js:2486:55)
    at JSON.parse (<anonymous>)
    at initializeModelChunk (http://localhost:8787/_next/static/chunks/89394_next_dist_compiled_react-server-dom-turbopack_187deae5._.js:1064:30)
    at getOutlinedModel (http://localhost:8787/_next/static/chunks/89394_next_dist_compiled_react-server-dom-turbopack_187deae5._.js:1385:17)
    at parseModelString (http://localhost:8787/_next/static/chunks/89394_next_dist_compiled_react-server-dom-turbopack_187deae5._.js:1615:50)
    at Array.<anonymous> (http://localhost:8787/_next/static/chunks/89394_next_dist_compiled_react-server-dom-turbopack_187deae5._.js:2486:55)
    at JSON.parse (<anonymous>)
    at initializeModelChunk (http://localhost:8787/_next/static/chunks/89394_next_dist_compiled_react-server-dom-turbopack_187deae5._.js:1064:30)
    at resolveConsoleEntry (http://localhost:8787/_next/static/chunks/89394_next_dist_compiled_react-server-dom-turbopack_187deae5._.js:2020:96)
    at processFullStringRow (http://localhost:8787/_next/static/chunks/89394_next_dist_compiled_react-server-dom-turbopack_187deae5._.js:2421:17)
    at processFullBinaryRow (http://localhost:8787/_next/static/chunks/89394_next_dist_compiled_react-server-dom-turbopack_187deae5._.js:2361:9)
    at processBinaryChunk (http://localhost:8787/_next/static/chunks/89394_next_dist_compiled_react-server-dom-turbopack_187deae5._.js:2470:221)
    at progress (http://localhost:8787/_next/static/chunks/89394_next_dist_compiled_react-server-dom-turbopack_187deae5._.js:2640:13) @ http://localhost:8787/_next/static/chunks/89394_next_dist_703f1a24._.js:3127
[ 5569677ms] [ERROR] %c%s%c background: #e6e6e6;background: light-dark(rgba(0,0,0,0.1), rgba(255,255,255,0.25));color: #000000;color: light-dark(#000000, #ffffff);border-radius: 2px  Server   Error: FORMATTING_ERROR: The intl string context variable "count" was not provided to the string "Choose from our collection of {count}+ free PDF tools to handle any task."
    at HomePage (about://React/Server/file:///Users/zhenghui/Documents/repos/pdfuck/.next/dev/server/chunks/ssr/%5Broot-of-the-server%5D__c844d0c8._.js?438:4089:47)
    at resolveErrorDev (http://localhost:8787/_next/static/chunks/89394_next_dist_compiled_react-server-dom-turbopack_187deae5._.js:1894:106)
    at getOutlinedModel (http://localhost:8787/_next/static/chunks/89394_next_dist_compiled_react-server-dom-turbopack_187deae5._.js:1447:28)
    at parseModelString (http://localhost:8787/_next/static/chunks/89394_next_dist_compiled_react-server-dom-turbopack_187deae5._.js:1561:50)
    at Object.<anonymous> (http://localhost:8787/_next/static/chunks/89394_next_dist_compiled_react-server-dom-turbopack_187deae5._.js:2486:55)
    at JSON.parse (<anonymous>)
    at initializeModelChunk (http://localhost:8787/_next/static/chunks/89394_next_dist_compiled_react-server-dom-turbopack_187deae5._.js:1064:30)
    at getOutlinedModel (http://localhost:8787/_next/static/chunks/89394_next_dist_compiled_react-server-dom-turbopack_187deae5._.js:1385:17)
    at parseModelString (http://localhost:8787/_next/static/chunks/89394_next_dist_compiled_react-server-dom-turbopack_187deae5._.js:1615:50)
    at Array.<anonymous> (http://localhost:8787/_next/static/chunks/89394_next_dist_compiled_react-server-dom-turbopack_187deae5._.js:2486:55)
    at JSON.parse (<anonymous>)
    at initializeModelChunk (http://localhost:8787/_next/static/chunks/89394_next_dist_compiled_react-server-dom-turbopack_187deae5._.js:1064:30)
    at resolveConsoleEntry (http://localhost:8787/_next/static/chunks/89394_next_dist_compiled_react-server-dom-turbopack_187deae5._.js:2020:96)
    at processFullStringRow (http://localhost:8787/_next/static/chunks/89394_next_dist_compiled_react-server-dom-turbopack_187deae5._.js:2421:17)
    at processFullBinaryRow (http://localhost:8787/_next/static/chunks/89394_next_dist_compiled_react-server-dom-turbopack_187deae5._.js:2361:9)
    at processBinaryChunk (http://localhost:8787/_next/static/chunks/89394_next_dist_compiled_react-server-dom-turbopack_187deae5._.js:2470:221)
    at progress (http://localhost:8787/_next/static/chunks/89394_next_dist_compiled_react-server-dom-turbopack_187deae5._.js:2640:13) @ http://localhost:8787/_next/static/chunks/89394_next_dist_703f1a24._.js:3127
[ 5569680ms] [ERROR] %c%s%c background: #e6e6e6;background: light-dark(rgba(0,0,0,0.1), rgba(255,255,255,0.25));color: #000000;color: light-dark(#000000, #ffffff);border-radius: 2px  Server   Error: FORMATTING_ERROR: The intl string context variable "count" was not provided to the string "Choose from our collection of {count}+ free PDF tools to handle any task."
    at HomePage (about://React/Server/file:///Users/zhenghui/Documents/repos/pdfuck/.next/dev/server/chunks/ssr/%5Broot-of-the-server%5D__c844d0c8._.js?438:4089:47)
    at resolveErrorDev (http://localhost:8787/_next/static/chunks/89394_next_dist_compiled_react-server-dom-turbopack_187deae5._.js:1894:106)
    at getOutlinedModel (http://localhost:8787/_next/static/chunks/89394_next_dist_compiled_react-server-dom-turbopack_187deae5._.js:1447:28)
    at parseModelString (http://localhost:8787/_next/static/chunks/89394_next_dist_compiled_react-server-dom-turbopack_187deae5._.js:1561:50)
    at Object.<anonymous> (http://localhost:8787/_next/static/chunks/89394_next_dist_compiled_react-server-dom-turbopack_187deae5._.js:2486:55)
    at JSON.parse (<anonymous>)
    at initializeModelChunk (http://localhost:8787/_next/static/chunks/89394_next_dist_compiled_react-server-dom-turbopack_187deae5._.js:1064:30)
    at getOutlinedModel (http://localhost:8787/_next/static/chunks/89394_next_dist_compiled_react-server-dom-turbopack_187deae5._.js:1385:17)
    at parseModelString (http://localhost:8787/_next/static/chunks/89394_next_dist_compiled_react-server-dom-turbopack_187deae5._.js:1615:50)
    at Array.<anonymous> (http://localhost:8787/_next/static/chunks/89394_next_dist_compiled_react-server-dom-turbopack_187deae5._.js:2486:55)
    at JSON.parse (<anonymous>)
    at initializeModelChunk (http://localhost:8787/_next/static/chunks/89394_next_dist_compiled_react-server-dom-turbopack_187deae5._.js:1064:30)
    at resolveConsoleEntry (http://localhost:8787/_next/static/chunks/89394_next_dist_compiled_react-server-dom-turbopack_187deae5._.js:2020:96)
    at processFullStringRow (http://localhost:8787/_next/static/chunks/89394_next_dist_compiled_react-server-dom-turbopack_187deae5._.js:2421:17)
    at processFullBinaryRow (http://localhost:8787/_next/static/chunks/89394_next_dist_compiled_react-server-dom-turbopack_187deae5._.js:2361:9)
    at processBinaryChunk (http://localhost:8787/_next/static/chunks/89394_next_dist_compiled_react-server-dom-turbopack_187deae5._.js:2470:221)
    at progress (http://localhost:8787/_next/static/chunks/89394_next_dist_compiled_react-server-dom-turbopack_187deae5._.js:2640:13) @ http://localhost:8787/_next/static/chunks/89394_next_dist_703f1a24._.js:3127
[ 5571270ms] [ERROR] %c%s%c background: #e6e6e6;background: light-dark(rgba(0,0,0,0.1), rgba(255,255,255,0.25));color: #000000;color: light-dark(#000000, #ffffff);border-radius: 2px  Server   Error: FORMATTING_ERROR: The intl string context variable "count" was not provided to the string "Choose from our collection of {count}+ free PDF tools to handle any task."
    at HomePage (about://React/Server/file:///Users/zhenghui/Documents/repos/pdfuck/.next/dev/server/chunks/ssr/%5Broot-of-the-server%5D__c844d0c8._.js?438:4089:47)
    at resolveErrorDev (http://localhost:8787/_next/static/chunks/89394_next_dist_compiled_react-server-dom-turbopack_187deae5._.js:1894:106)
    at getOutlinedModel (http://localhost:8787/_next/static/chunks/89394_next_dist_compiled_react-server-dom-turbopack_187deae5._.js:1447:28)
    at parseModelString (http://localhost:8787/_next/static/chunks/89394_next_dist_compiled_react-server-dom-turbopack_187deae5._.js:1561:50)
    at Object.<anonymous> (http://localhost:8787/_next/static/chunks/89394_next_dist_compiled_react-server-dom-turbopack_187deae5._.js:2486:55)
    at JSON.parse (<anonymous>)
    at initializeModelChunk (http://localhost:8787/_next/static/chunks/89394_next_dist_compiled_react-server-dom-turbopack_187deae5._.js:1064:30)
    at getOutlinedModel (http://localhost:8787/_next/static/chunks/89394_next_dist_compiled_react-server-dom-turbopack_187deae5._.js:1385:17)
    at parseModelString (http://localhost:8787/_next/static/chunks/89394_next_dist_compiled_react-server-dom-turbopack_187deae5._.js:1615:50)
    at Array.<anonymous> (http://localhost:8787/_next/static/chunks/89394_next_dist_compiled_react-server-dom-turbopack_187deae5._.js:2486:55)
    at JSON.parse (<anonymous>)
    at initializeModelChunk (http://localhost:8787/_next/static/chunks/89394_next_dist_compiled_react-server-dom-turbopack_187deae5._.js:1064:30)
    at resolveConsoleEntry (http://localhost:8787/_next/static/chunks/89394_next_dist_compiled_react-server-dom-turbopack_187deae5._.js:2020:96)
    at processFullStringRow (http://localhost:8787/_next/static/chunks/89394_next_dist_compiled_react-server-dom-turbopack_187deae5._.js:2421:17)
    at processFullBinaryRow (http://localhost:8787/_next/static/chunks/89394_next_dist_compiled_react-server-dom-turbopack_187deae5._.js:2361:9)
    at processBinaryChunk (http://localhost:8787/_next/static/chunks/89394_next_dist_compiled_react-server-dom-turbopack_187deae5._.js:2470:221)
    at progress (http://localhost:8787/_next/static/chunks/89394_next_dist_compiled_react-server-dom-turbopack_187deae5._.js:2640:13) @ http://localhost:8787/_next/static/chunks/89394_next_dist_703f1a24._.js:3127
[ 5571376ms] [ERROR] %c%s%c background: #e6e6e6;background: light-dark(rgba(0,0,0,0.1), rgba(255,255,255,0.25));color: #000000;color: light-dark(#000000, #ffffff);border-radius: 2px  Server   Error: FORMATTING_ERROR: The intl string context variable "count" was not provided to the string "Choose from our collection of {count}+ free PDF tools to handle any task."
    at HomePage (about://React/Server/file:///Users/zhenghui/Documents/repos/pdfuck/.next/dev/server/chunks/ssr/%5Broot-of-the-server%5D__c844d0c8._.js?438:4089:47)
    at resolveErrorDev (http://localhost:8787/_next/static/chunks/89394_next_dist_compiled_react-server-dom-turbopack_187deae5._.js:1894:106)
    at getOutlinedModel (http://localhost:8787/_next/static/chunks/89394_next_dist_compiled_react-server-dom-turbopack_187deae5._.js:1447:28)
    at parseModelString (http://localhost:8787/_next/static/chunks/89394_next_dist_compiled_react-server-dom-turbopack_187deae5._.js:1561:50)
    at Object.<anonymous> (http://localhost:8787/_next/static/chunks/89394_next_dist_compiled_react-server-dom-turbopack_187deae5._.js:2486:55)
    at JSON.parse (<anonymous>)
    at initializeModelChunk (http://localhost:8787/_next/static/chunks/89394_next_dist_compiled_react-server-dom-turbopack_187deae5._.js:1064:30)
    at getOutlinedModel (http://localhost:8787/_next/static/chunks/89394_next_dist_compiled_react-server-dom-turbopack_187deae5._.js:1385:17)
    at parseModelString (http://localhost:8787/_next/static/chunks/89394_next_dist_compiled_react-server-dom-turbopack_187deae5._.js:1615:50)
    at Array.<anonymous> (http://localhost:8787/_next/static/chunks/89394_next_dist_compiled_react-server-dom-turbopack_187deae5._.js:2486:55)
    at JSON.parse (<anonymous>)
    at initializeModelChunk (http://localhost:8787/_next/static/chunks/89394_next_dist_compiled_react-server-dom-turbopack_187deae5._.js:1064:30)
    at resolveConsoleEntry (http://localhost:8787/_next/static/chunks/89394_next_dist_compiled_react-server-dom-turbopack_187deae5._.js:2020:96)
    at processFullStringRow (http://localhost:8787/_next/static/chunks/89394_next_dist_compiled_react-server-dom-turbopack_187deae5._.js:2421:17)
    at processFullBinaryRow (http://localhost:8787/_next/static/chunks/89394_next_dist_compiled_react-server-dom-turbopack_187deae5._.js:2361:9)
    at processBinaryChunk (http://localhost:8787/_next/static/chunks/89394_next_dist_compiled_react-server-dom-turbopack_187deae5._.js:2470:221)
    at progress (http://localhost:8787/_next/static/chunks/89394_next_dist_compiled_react-server-dom-turbopack_187deae5._.js:2640:13) @ http://localhost:8787/_next/static/chunks/89394_next_dist_703f1a24._.js:3127
[ 5571378ms] [ERROR] %c%s%c background: #e6e6e6;background: light-dark(rgba(0,0,0,0.1), rgba(255,255,255,0.25));color: #000000;color: light-dark(#000000, #ffffff);border-radius: 2px  Server   Error: FORMATTING_ERROR: The intl string context variable "count" was not provided to the string "Choose from our collection of {count}+ free PDF tools to handle any task."
    at HomePage (about://React/Server/file:///Users/zhenghui/Documents/repos/pdfuck/.next/dev/server/chunks/ssr/%5Broot-of-the-server%5D__c844d0c8._.js?438:4089:47)
    at resolveErrorDev (http://localhost:8787/_next/static/chunks/89394_next_dist_compiled_react-server-dom-turbopack_187deae5._.js:1894:106)
    at getOutlinedModel (http://localhost:8787/_next/static/chunks/89394_next_dist_compiled_react-server-dom-turbopack_187deae5._.js:1447:28)
    at parseModelString (http://localhost:8787/_next/static/chunks/89394_next_dist_compiled_react-server-dom-turbopack_187deae5._.js:1561:50)
    at Object.<anonymous> (http://localhost:8787/_next/static/chunks/89394_next_dist_compiled_react-server-dom-turbopack_187deae5._.js:2486:55)
    at JSON.parse (<anonymous>)
    at initializeModelChunk (http://localhost:8787/_next/static/chunks/89394_next_dist_compiled_react-server-dom-turbopack_187deae5._.js:1064:30)
    at getOutlinedModel (http://localhost:8787/_next/static/chunks/89394_next_dist_compiled_react-server-dom-turbopack_187deae5._.js:1385:17)
    at parseModelString (http://localhost:8787/_next/static/chunks/89394_next_dist_compiled_react-server-dom-turbopack_187deae5._.js:1615:50)
    at Array.<anonymous> (http://localhost:8787/_next/static/chunks/89394_next_dist_compiled_react-server-dom-turbopack_187deae5._.js:2486:55)
    at JSON.parse (<anonymous>)
    at initializeModelChunk (http://localhost:8787/_next/static/chunks/89394_next_dist_compiled_react-server-dom-turbopack_187deae5._.js:1064:30)
    at resolveConsoleEntry (http://localhost:8787/_next/static/chunks/89394_next_dist_compiled_react-server-dom-turbopack_187deae5._.js:2020:96)
    at processFullStringRow (http://localhost:8787/_next/static/chunks/89394_next_dist_compiled_react-server-dom-turbopack_187deae5._.js:2421:17)
    at processFullBinaryRow (http://localhost:8787/_next/static/chunks/89394_next_dist_compiled_react-server-dom-turbopack_187deae5._.js:2361:9)
    at processBinaryChunk (http://localhost:8787/_next/static/chunks/89394_next_dist_compiled_react-server-dom-turbopack_187deae5._.js:2470:221)
    at progress (http://localhost:8787/_next/static/chunks/89394_next_dist_compiled_react-server-dom-turbopack_187deae5._.js:2640:13) @ http://localhost:8787/_next/static/chunks/89394_next_dist_703f1a24._.js:3127
[ 5572973ms] [ERROR] %c%s%c background: #e6e6e6;background: light-dark(rgba(0,0,0,0.1), rgba(255,255,255,0.25));color: #000000;color: light-dark(#000000, #ffffff);border-radius: 2px  Server   Error: FORMATTING_ERROR: The intl string context variable "count" was not provided to the string "Choose from our collection of {count}+ free PDF tools to handle any task."
    at HomePage (about://React/Server/file:///Users/zhenghui/Documents/repos/pdfuck/.next/dev/server/chunks/ssr/%5Broot-of-the-server%5D__c844d0c8._.js?438:4089:47)
    at resolveErrorDev (http://localhost:8787/_next/static/chunks/89394_next_dist_compiled_react-server-dom-turbopack_187deae5._.js:1894:106)
    at getOutlinedModel (http://localhost:8787/_next/static/chunks/89394_next_dist_compiled_react-server-dom-turbopack_187deae5._.js:1447:28)
    at parseModelString (http://localhost:8787/_next/static/chunks/89394_next_dist_compiled_react-server-dom-turbopack_187deae5._.js:1561:50)
    at Object.<anonymous> (http://localhost:8787/_next/static/chunks/89394_next_dist_compiled_react-server-dom-turbopack_187deae5._.js:2486:55)
    at JSON.parse (<anonymous>)
    at initializeModelChunk (http://localhost:8787/_next/static/chunks/89394_next_dist_compiled_react-server-dom-turbopack_187deae5._.js:1064:30)
    at getOutlinedModel (http://localhost:8787/_next/static/chunks/89394_next_dist_compiled_react-server-dom-turbopack_187deae5._.js:1385:17)
    at parseModelString (http://localhost:8787/_next/static/chunks/89394_next_dist_compiled_react-server-dom-turbopack_187deae5._.js:1615:50)
    at Array.<anonymous> (http://localhost:8787/_next/static/chunks/89394_next_dist_compiled_react-server-dom-turbopack_187deae5._.js:2486:55)
    at JSON.parse (<anonymous>)
    at initializeModelChunk (http://localhost:8787/_next/static/chunks/89394_next_dist_compiled_react-server-dom-turbopack_187deae5._.js:1064:30)
    at resolveConsoleEntry (http://localhost:8787/_next/static/chunks/89394_next_dist_compiled_react-server-dom-turbopack_187deae5._.js:2020:96)
    at processFullStringRow (http://localhost:8787/_next/static/chunks/89394_next_dist_compiled_react-server-dom-turbopack_187deae5._.js:2421:17)
    at processFullBinaryRow (http://localhost:8787/_next/static/chunks/89394_next_dist_compiled_react-server-dom-turbopack_187deae5._.js:2361:9)
    at processBinaryChunk (http://localhost:8787/_next/static/chunks/89394_next_dist_compiled_react-server-dom-turbopack_187deae5._.js:2470:221)
    at progress (http://localhost:8787/_next/static/chunks/89394_next_dist_compiled_react-server-dom-turbopack_187deae5._.js:2640:13) @ http://localhost:8787/_next/static/chunks/89394_next_dist_703f1a24._.js:3127
[ 5573099ms] [ERROR] %c%s%c background: #e6e6e6;background: light-dark(rgba(0,0,0,0.1), rgba(255,255,255,0.25));color: #000000;color: light-dark(#000000, #ffffff);border-radius: 2px  Server   Error: FORMATTING_ERROR: The intl string context variable "count" was not provided to the string "Choose from our collection of {count}+ free PDF tools to handle any task."
    at HomePage (about://React/Server/file:///Users/zhenghui/Documents/repos/pdfuck/.next/dev/server/chunks/ssr/%5Broot-of-the-server%5D__c844d0c8._.js?438:4089:47)
    at resolveErrorDev (http://localhost:8787/_next/static/chunks/89394_next_dist_compiled_react-server-dom-turbopack_187deae5._.js:1894:106)
    at getOutlinedModel (http://localhost:8787/_next/static/chunks/89394_next_dist_compiled_react-server-dom-turbopack_187deae5._.js:1447:28)
    at parseModelString (http://localhost:8787/_next/static/chunks/89394_next_dist_compiled_react-server-dom-turbopack_187deae5._.js:1561:50)
    at Object.<anonymous> (http://localhost:8787/_next/static/chunks/89394_next_dist_compiled_react-server-dom-turbopack_187deae5._.js:2486:55)
    at JSON.parse (<anonymous>)
    at initializeModelChunk (http://localhost:8787/_next/static/chunks/89394_next_dist_compiled_react-server-dom-turbopack_187deae5._.js:1064:30)
    at getOutlinedModel (http://localhost:8787/_next/static/chunks/89394_next_dist_compiled_react-server-dom-turbopack_187deae5._.js:1385:17)
    at parseModelString (http://localhost:8787/_next/static/chunks/89394_next_dist_compiled_react-server-dom-turbopack_187deae5._.js:1615:50)
    at Array.<anonymous> (http://localhost:8787/_next/static/chunks/89394_next_dist_compiled_react-server-dom-turbopack_187deae5._.js:2486:55)
    at JSON.parse (<anonymous>)
    at initializeModelChunk (http://localhost:8787/_next/static/chunks/89394_next_dist_compiled_react-server-dom-turbopack_187deae5._.js:1064:30)
    at resolveConsoleEntry (http://localhost:8787/_next/static/chunks/89394_next_dist_compiled_react-server-dom-turbopack_187deae5._.js:2020:96)
    at processFullStringRow (http://localhost:8787/_next/static/chunks/89394_next_dist_compiled_react-server-dom-turbopack_187deae5._.js:2421:17)
    at processFullBinaryRow (http://localhost:8787/_next/static/chunks/89394_next_dist_compiled_react-server-dom-turbopack_187deae5._.js:2361:9)
    at processBinaryChunk (http://localhost:8787/_next/static/chunks/89394_next_dist_compiled_react-server-dom-turbopack_187deae5._.js:2470:221)
    at progress (http://localhost:8787/_next/static/chunks/89394_next_dist_compiled_react-server-dom-turbopack_187deae5._.js:2640:13) @ http://localhost:8787/_next/static/chunks/89394_next_dist_703f1a24._.js:3127
[ 5573104ms] [ERROR] %c%s%c background: #e6e6e6;background: light-dark(rgba(0,0,0,0.1), rgba(255,255,255,0.25));color: #000000;color: light-dark(#000000, #ffffff);border-radius: 2px  Server   Error: FORMATTING_ERROR: The intl string context variable "count" was not provided to the string "Choose from our collection of {count}+ free PDF tools to handle any task."
    at HomePage (about://React/Server/file:///Users/zhenghui/Documents/repos/pdfuck/.next/dev/server/chunks/ssr/%5Broot-of-the-server%5D__c844d0c8._.js?438:4089:47)
    at resolveErrorDev (http://localhost:8787/_next/static/chunks/89394_next_dist_compiled_react-server-dom-turbopack_187deae5._.js:1894:106)
    at getOutlinedModel (http://localhost:8787/_next/static/chunks/89394_next_dist_compiled_react-server-dom-turbopack_187deae5._.js:1447:28)
    at parseModelString (http://localhost:8787/_next/static/chunks/89394_next_dist_compiled_react-server-dom-turbopack_187deae5._.js:1561:50)
    at Object.<anonymous> (http://localhost:8787/_next/static/chunks/89394_next_dist_compiled_react-server-dom-turbopack_187deae5._.js:2486:55)
    at JSON.parse (<anonymous>)
    at initializeModelChunk (http://localhost:8787/_next/static/chunks/89394_next_dist_compiled_react-server-dom-turbopack_187deae5._.js:1064:30)
    at getOutlinedModel (http://localhost:8787/_next/static/chunks/89394_next_dist_compiled_react-server-dom-turbopack_187deae5._.js:1385:17)
    at parseModelString (http://localhost:8787/_next/static/chunks/89394_next_dist_compiled_react-server-dom-turbopack_187deae5._.js:1615:50)
    at Array.<anonymous> (http://localhost:8787/_next/static/chunks/89394_next_dist_compiled_react-server-dom-turbopack_187deae5._.js:2486:55)
    at JSON.parse (<anonymous>)
    at initializeModelChunk (http://localhost:8787/_next/static/chunks/89394_next_dist_compiled_react-server-dom-turbopack_187deae5._.js:1064:30)
    at resolveConsoleEntry (http://localhost:8787/_next/static/chunks/89394_next_dist_compiled_react-server-dom-turbopack_187deae5._.js:2020:96)
    at processFullStringRow (http://localhost:8787/_next/static/chunks/89394_next_dist_compiled_react-server-dom-turbopack_187deae5._.js:2421:17)
    at processFullBinaryRow (http://localhost:8787/_next/static/chunks/89394_next_dist_compiled_react-server-dom-turbopack_187deae5._.js:2361:9)
    at processBinaryChunk (http://localhost:8787/_next/static/chunks/89394_next_dist_compiled_react-server-dom-turbopack_187deae5._.js:2470:221)
    at progress (http://localhost:8787/_next/static/chunks/89394_next_dist_compiled_react-server-dom-turbopack_187deae5._.js:2640:13) @ http://localhost:8787/_next/static/chunks/89394_next_dist_703f1a24._.js:3127
[ 5574908ms] [ERROR] %c%s%c background: #e6e6e6;background: light-dark(rgba(0,0,0,0.1), rgba(255,255,255,0.25));color: #000000;color: light-dark(#000000, #ffffff);border-radius: 2px  Server   Error: FORMATTING_ERROR: The intl string context variable "count" was not provided to the string "Choose from our collection of {count}+ free PDF tools to handle any task."
    at HomePage (about://React/Server/file:///Users/zhenghui/Documents/repos/pdfuck/.next/dev/server/chunks/ssr/%5Broot-of-the-server%5D__c844d0c8._.js?438:4089:47)
    at resolveErrorDev (http://localhost:8787/_next/static/chunks/89394_next_dist_compiled_react-server-dom-turbopack_187deae5._.js:1894:106)
    at getOutlinedModel (http://localhost:8787/_next/static/chunks/89394_next_dist_compiled_react-server-dom-turbopack_187deae5._.js:1447:28)
    at parseModelString (http://localhost:8787/_next/static/chunks/89394_next_dist_compiled_react-server-dom-turbopack_187deae5._.js:1561:50)
    at Object.<anonymous> (http://localhost:8787/_next/static/chunks/89394_next_dist_compiled_react-server-dom-turbopack_187deae5._.js:2486:55)
    at JSON.parse (<anonymous>)
    at initializeModelChunk (http://localhost:8787/_next/static/chunks/89394_next_dist_compiled_react-server-dom-turbopack_187deae5._.js:1064:30)
    at getOutlinedModel (http://localhost:8787/_next/static/chunks/89394_next_dist_compiled_react-server-dom-turbopack_187deae5._.js:1385:17)
    at parseModelString (http://localhost:8787/_next/static/chunks/89394_next_dist_compiled_react-server-dom-turbopack_187deae5._.js:1615:50)
    at Array.<anonymous> (http://localhost:8787/_next/static/chunks/89394_next_dist_compiled_react-server-dom-turbopack_187deae5._.js:2486:55)
    at JSON.parse (<anonymous>)
    at initializeModelChunk (http://localhost:8787/_next/static/chunks/89394_next_dist_compiled_react-server-dom-turbopack_187deae5._.js:1064:30)
    at resolveConsoleEntry (http://localhost:8787/_next/static/chunks/89394_next_dist_compiled_react-server-dom-turbopack_187deae5._.js:2020:96)
    at processFullStringRow (http://localhost:8787/_next/static/chunks/89394_next_dist_compiled_react-server-dom-turbopack_187deae5._.js:2421:17)
    at processFullBinaryRow (http://localhost:8787/_next/static/chunks/89394_next_dist_compiled_react-server-dom-turbopack_187deae5._.js:2361:9)
    at processBinaryChunk (http://localhost:8787/_next/static/chunks/89394_next_dist_compiled_react-server-dom-turbopack_187deae5._.js:2470:221)
    at progress (http://localhost:8787/_next/static/chunks/89394_next_dist_compiled_react-server-dom-turbopack_187deae5._.js:2640:13) @ http://localhost:8787/_next/static/chunks/89394_next_dist_703f1a24._.js:3127
[ 5575486ms] [ERROR] %c%s%c background: #e6e6e6;background: light-dark(rgba(0,0,0,0.1), rgba(255,255,255,0.25));color: #000000;color: light-dark(#000000, #ffffff);border-radius: 2px  Server   Error: FORMATTING_ERROR: The intl string context variable "count" was not provided to the string "Choose from our collection of {count}+ free PDF tools to handle any task."
    at HomePage (about://React/Server/file:///Users/zhenghui/Documents/repos/pdfuck/.next/dev/server/chunks/ssr/%5Broot-of-the-server%5D__c844d0c8._.js?438:4089:47)
    at resolveErrorDev (http://localhost:8787/_next/static/chunks/89394_next_dist_compiled_react-server-dom-turbopack_187deae5._.js:1894:106)
    at getOutlinedModel (http://localhost:8787/_next/static/chunks/89394_next_dist_compiled_react-server-dom-turbopack_187deae5._.js:1447:28)
    at parseModelString (http://localhost:8787/_next/static/chunks/89394_next_dist_compiled_react-server-dom-turbopack_187deae5._.js:1561:50)
    at Object.<anonymous> (http://localhost:8787/_next/static/chunks/89394_next_dist_compiled_react-server-dom-turbopack_187deae5._.js:2486:55)
    at JSON.parse (<anonymous>)
    at initializeModelChunk (http://localhost:8787/_next/static/chunks/89394_next_dist_compiled_react-server-dom-turbopack_187deae5._.js:1064:30)
    at getOutlinedModel (http://localhost:8787/_next/static/chunks/89394_next_dist_compiled_react-server-dom-turbopack_187deae5._.js:1385:17)
    at parseModelString (http://localhost:8787/_next/static/chunks/89394_next_dist_compiled_react-server-dom-turbopack_187deae5._.js:1615:50)
    at Array.<anonymous> (http://localhost:8787/_next/static/chunks/89394_next_dist_compiled_react-server-dom-turbopack_187deae5._.js:2486:55)
    at JSON.parse (<anonymous>)
    at initializeModelChunk (http://localhost:8787/_next/static/chunks/89394_next_dist_compiled_react-server-dom-turbopack_187deae5._.js:1064:30)
    at resolveConsoleEntry (http://localhost:8787/_next/static/chunks/89394_next_dist_compiled_react-server-dom-turbopack_187deae5._.js:2020:96)
    at processFullStringRow (http://localhost:8787/_next/static/chunks/89394_next_dist_compiled_react-server-dom-turbopack_187deae5._.js:2421:17)
    at processFullBinaryRow (http://localhost:8787/_next/static/chunks/89394_next_dist_compiled_react-server-dom-turbopack_187deae5._.js:2361:9)
    at processBinaryChunk (http://localhost:8787/_next/static/chunks/89394_next_dist_compiled_react-server-dom-turbopack_187deae5._.js:2470:221)
    at progress (http://localhost:8787/_next/static/chunks/89394_next_dist_compiled_react-server-dom-turbopack_187deae5._.js:2640:13) @ http://localhost:8787/_next/static/chunks/89394_next_dist_703f1a24._.js:3127
[ 5575490ms] [ERROR] %c%s%c background: #e6e6e6;background: light-dark(rgba(0,0,0,0.1), rgba(255,255,255,0.25));color: #000000;color: light-dark(#000000, #ffffff);border-radius: 2px  Server   Error: FORMATTING_ERROR: The intl string context variable "count" was not provided to the string "Choose from our collection of {count}+ free PDF tools to handle any task."
    at HomePage (about://React/Server/file:///Users/zhenghui/Documents/repos/pdfuck/.next/dev/server/chunks/ssr/%5Broot-of-the-server%5D__c844d0c8._.js?438:4089:47)
    at resolveErrorDev (http://localhost:8787/_next/static/chunks/89394_next_dist_compiled_react-server-dom-turbopack_187deae5._.js:1894:106)
    at getOutlinedModel (http://localhost:8787/_next/static/chunks/89394_next_dist_compiled_react-server-dom-turbopack_187deae5._.js:1447:28)
    at parseModelString (http://localhost:8787/_next/static/chunks/89394_next_dist_compiled_react-server-dom-turbopack_187deae5._.js:1561:50)
    at Object.<anonymous> (http://localhost:8787/_next/static/chunks/89394_next_dist_compiled_react-server-dom-turbopack_187deae5._.js:2486:55)
    at JSON.parse (<anonymous>)
    at initializeModelChunk (http://localhost:8787/_next/static/chunks/89394_next_dist_compiled_react-server-dom-turbopack_187deae5._.js:1064:30)
    at getOutlinedModel (http://localhost:8787/_next/static/chunks/89394_next_dist_compiled_react-server-dom-turbopack_187deae5._.js:1385:17)
    at parseModelString (http://localhost:8787/_next/static/chunks/89394_next_dist_compiled_react-server-dom-turbopack_187deae5._.js:1615:50)
    at Array.<anonymous> (http://localhost:8787/_next/static/chunks/89394_next_dist_compiled_react-server-dom-turbopack_187deae5._.js:2486:55)
    at JSON.parse (<anonymous>)
    at initializeModelChunk (http://localhost:8787/_next/static/chunks/89394_next_dist_compiled_react-server-dom-turbopack_187deae5._.js:1064:30)
    at resolveConsoleEntry (http://localhost:8787/_next/static/chunks/89394_next_dist_compiled_react-server-dom-turbopack_187deae5._.js:2020:96)
    at processFullStringRow (http://localhost:8787/_next/static/chunks/89394_next_dist_compiled_react-server-dom-turbopack_187deae5._.js:2421:17)
    at processFullBinaryRow (http://localhost:8787/_next/static/chunks/89394_next_dist_compiled_react-server-dom-turbopack_187deae5._.js:2361:9)
    at processBinaryChunk (http://localhost:8787/_next/static/chunks/89394_next_dist_compiled_react-server-dom-turbopack_187deae5._.js:2470:221)
    at progress (http://localhost:8787/_next/static/chunks/89394_next_dist_compiled_react-server-dom-turbopack_187deae5._.js:2640:13) @ http://localhost:8787/_next/static/chunks/89394_next_dist_703f1a24._.js:3127
[ 5576719ms] [ERROR] %c%s%c background: #e6e6e6;background: light-dark(rgba(0,0,0,0.1), rgba(255,255,255,0.25));color: #000000;color: light-dark(#000000, #ffffff);border-radius: 2px  Server   Error: FORMATTING_ERROR: The intl string context variable "count" was not provided to the string "Choose from our collection of {count}+ free PDF tools to handle any task."
    at HomePage (about://React/Server/file:///Users/zhenghui/Documents/repos/pdfuck/.next/dev/server/chunks/ssr/%5Broot-of-the-server%5D__c844d0c8._.js?438:4089:47)
    at resolveErrorDev (http://localhost:8787/_next/static/chunks/89394_next_dist_compiled_react-server-dom-turbopack_187deae5._.js:1894:106)
    at getOutlinedModel (http://localhost:8787/_next/static/chunks/89394_next_dist_compiled_react-server-dom-turbopack_187deae5._.js:1447:28)
    at parseModelString (http://localhost:8787/_next/static/chunks/89394_next_dist_compiled_react-server-dom-turbopack_187deae5._.js:1561:50)
    at Object.<anonymous> (http://localhost:8787/_next/static/chunks/89394_next_dist_compiled_react-server-dom-turbopack_187deae5._.js:2486:55)
    at JSON.parse (<anonymous>)
    at initializeModelChunk (http://localhost:8787/_next/static/chunks/89394_next_dist_compiled_react-server-dom-turbopack_187deae5._.js:1064:30)
    at getOutlinedModel (http://localhost:8787/_next/static/chunks/89394_next_dist_compiled_react-server-dom-turbopack_187deae5._.js:1385:17)
    at parseModelString (http://localhost:8787/_next/static/chunks/89394_next_dist_compiled_react-server-dom-turbopack_187deae5._.js:1615:50)
    at Array.<anonymous> (http://localhost:8787/_next/static/chunks/89394_next_dist_compiled_react-server-dom-turbopack_187deae5._.js:2486:55)
    at JSON.parse (<anonymous>)
    at initializeModelChunk (http://localhost:8787/_next/static/chunks/89394_next_dist_compiled_react-server-dom-turbopack_187deae5._.js:1064:30)
    at resolveConsoleEntry (http://localhost:8787/_next/static/chunks/89394_next_dist_compiled_react-server-dom-turbopack_187deae5._.js:2020:96)
    at processFullStringRow (http://localhost:8787/_next/static/chunks/89394_next_dist_compiled_react-server-dom-turbopack_187deae5._.js:2421:17)
    at processFullBinaryRow (http://localhost:8787/_next/static/chunks/89394_next_dist_compiled_react-server-dom-turbopack_187deae5._.js:2361:9)
    at processBinaryChunk (http://localhost:8787/_next/static/chunks/89394_next_dist_compiled_react-server-dom-turbopack_187deae5._.js:2470:221)
    at progress (http://localhost:8787/_next/static/chunks/89394_next_dist_compiled_react-server-dom-turbopack_187deae5._.js:2640:13) @ http://localhost:8787/_next/static/chunks/89394_next_dist_703f1a24._.js:3127
[ 5576831ms] [ERROR] %c%s%c background: #e6e6e6;background: light-dark(rgba(0,0,0,0.1), rgba(255,255,255,0.25));color: #000000;color: light-dark(#000000, #ffffff);border-radius: 2px  Server   Error: FORMATTING_ERROR: The intl string context variable "count" was not provided to the string "Choose from our collection of {count}+ free PDF tools to handle any task."
    at HomePage (about://React/Server/file:///Users/zhenghui/Documents/repos/pdfuck/.next/dev/server/chunks/ssr/%5Broot-of-the-server%5D__c844d0c8._.js?438:4089:47)
    at resolveErrorDev (http://localhost:8787/_next/static/chunks/89394_next_dist_compiled_react-server-dom-turbopack_187deae5._.js:1894:106)
    at getOutlinedModel (http://localhost:8787/_next/static/chunks/89394_next_dist_compiled_react-server-dom-turbopack_187deae5._.js:1447:28)
    at parseModelString (http://localhost:8787/_next/static/chunks/89394_next_dist_compiled_react-server-dom-turbopack_187deae5._.js:1561:50)
    at Object.<anonymous> (http://localhost:8787/_next/static/chunks/89394_next_dist_compiled_react-server-dom-turbopack_187deae5._.js:2486:55)
    at JSON.parse (<anonymous>)
    at initializeModelChunk (http://localhost:8787/_next/static/chunks/89394_next_dist_compiled_react-server-dom-turbopack_187deae5._.js:1064:30)
    at getOutlinedModel (http://localhost:8787/_next/static/chunks/89394_next_dist_compiled_react-server-dom-turbopack_187deae5._.js:1385:17)
    at parseModelString (http://localhost:8787/_next/static/chunks/89394_next_dist_compiled_react-server-dom-turbopack_187deae5._.js:1615:50)
    at Array.<anonymous> (http://localhost:8787/_next/static/chunks/89394_next_dist_compiled_react-server-dom-turbopack_187deae5._.js:2486:55)
    at JSON.parse (<anonymous>)
    at initializeModelChunk (http://localhost:8787/_next/static/chunks/89394_next_dist_compiled_react-server-dom-turbopack_187deae5._.js:1064:30)
    at resolveConsoleEntry (http://localhost:8787/_next/static/chunks/89394_next_dist_compiled_react-server-dom-turbopack_187deae5._.js:2020:96)
    at processFullStringRow (http://localhost:8787/_next/static/chunks/89394_next_dist_compiled_react-server-dom-turbopack_187deae5._.js:2421:17)
    at processFullBinaryRow (http://localhost:8787/_next/static/chunks/89394_next_dist_compiled_react-server-dom-turbopack_187deae5._.js:2361:9)
    at processBinaryChunk (http://localhost:8787/_next/static/chunks/89394_next_dist_compiled_react-server-dom-turbopack_187deae5._.js:2470:221)
    at progress (http://localhost:8787/_next/static/chunks/89394_next_dist_compiled_react-server-dom-turbopack_187deae5._.js:2640:13) @ http://localhost:8787/_next/static/chunks/89394_next_dist_703f1a24._.js:3127
[ 5576835ms] [ERROR] %c%s%c background: #e6e6e6;background: light-dark(rgba(0,0,0,0.1), rgba(255,255,255,0.25));color: #000000;color: light-dark(#000000, #ffffff);border-radius: 2px  Server   Error: FORMATTING_ERROR: The intl string context variable "count" was not provided to the string "Choose from our collection of {count}+ free PDF tools to handle any task."
    at HomePage (about://React/Server/file:///Users/zhenghui/Documents/repos/pdfuck/.next/dev/server/chunks/ssr/%5Broot-of-the-server%5D__c844d0c8._.js?438:4089:47)
    at resolveErrorDev (http://localhost:8787/_next/static/chunks/89394_next_dist_compiled_react-server-dom-turbopack_187deae5._.js:1894:106)
    at getOutlinedModel (http://localhost:8787/_next/static/chunks/89394_next_dist_compiled_react-server-dom-turbopack_187deae5._.js:1447:28)
    at parseModelString (http://localhost:8787/_next/static/chunks/89394_next_dist_compiled_react-server-dom-turbopack_187deae5._.js:1561:50)
    at Object.<anonymous> (http://localhost:8787/_next/static/chunks/89394_next_dist_compiled_react-server-dom-turbopack_187deae5._.js:2486:55)
    at JSON.parse (<anonymous>)
    at initializeModelChunk (http://localhost:8787/_next/static/chunks/89394_next_dist_compiled_react-server-dom-turbopack_187deae5._.js:1064:30)
    at getOutlinedModel (http://localhost:8787/_next/static/chunks/89394_next_dist_compiled_react-server-dom-turbopack_187deae5._.js:1385:17)
    at parseModelString (http://localhost:8787/_next/static/chunks/89394_next_dist_compiled_react-server-dom-turbopack_187deae5._.js:1615:50)
    at Array.<anonymous> (http://localhost:8787/_next/static/chunks/89394_next_dist_compiled_react-server-dom-turbopack_187deae5._.js:2486:55)
    at JSON.parse (<anonymous>)
    at initializeModelChunk (http://localhost:8787/_next/static/chunks/89394_next_dist_compiled_react-server-dom-turbopack_187deae5._.js:1064:30)
    at resolveConsoleEntry (http://localhost:8787/_next/static/chunks/89394_next_dist_compiled_react-server-dom-turbopack_187deae5._.js:2020:96)
    at processFullStringRow (http://localhost:8787/_next/static/chunks/89394_next_dist_compiled_react-server-dom-turbopack_187deae5._.js:2421:17)
    at processFullBinaryRow (http://localhost:8787/_next/static/chunks/89394_next_dist_compiled_react-server-dom-turbopack_187deae5._.js:2361:9)
    at processBinaryChunk (http://localhost:8787/_next/static/chunks/89394_next_dist_compiled_react-server-dom-turbopack_187deae5._.js:2470:221)
    at progress (http://localhost:8787/_next/static/chunks/89394_next_dist_compiled_react-server-dom-turbopack_187deae5._.js:2640:13) @ http://localhost:8787/_next/static/chunks/89394_next_dist_703f1a24._.js:3127
[ 5578048ms] [ERROR] %c%s%c background: #e6e6e6;background: light-dark(rgba(0,0,0,0.1), rgba(255,255,255,0.25));color: #000000;color: light-dark(#000000, #ffffff);border-radius: 2px  Server   Error: FORMATTING_ERROR: The intl string context variable "count" was not provided to the string "Choose from our collection of {count}+ free PDF tools to handle any task."
    at HomePage (about://React/Server/file:///Users/zhenghui/Documents/repos/pdfuck/.next/dev/server/chunks/ssr/%5Broot-of-the-server%5D__c844d0c8._.js?438:4089:47)
    at resolveErrorDev (http://localhost:8787/_next/static/chunks/89394_next_dist_compiled_react-server-dom-turbopack_187deae5._.js:1894:106)
    at getOutlinedModel (http://localhost:8787/_next/static/chunks/89394_next_dist_compiled_react-server-dom-turbopack_187deae5._.js:1447:28)
    at parseModelString (http://localhost:8787/_next/static/chunks/89394_next_dist_compiled_react-server-dom-turbopack_187deae5._.js:1561:50)
    at Object.<anonymous> (http://localhost:8787/_next/static/chunks/89394_next_dist_compiled_react-server-dom-turbopack_187deae5._.js:2486:55)
    at JSON.parse (<anonymous>)
    at initializeModelChunk (http://localhost:8787/_next/static/chunks/89394_next_dist_compiled_react-server-dom-turbopack_187deae5._.js:1064:30)
    at getOutlinedModel (http://localhost:8787/_next/static/chunks/89394_next_dist_compiled_react-server-dom-turbopack_187deae5._.js:1385:17)
    at parseModelString (http://localhost:8787/_next/static/chunks/89394_next_dist_compiled_react-server-dom-turbopack_187deae5._.js:1615:50)
    at Array.<anonymous> (http://localhost:8787/_next/static/chunks/89394_next_dist_compiled_react-server-dom-turbopack_187deae5._.js:2486:55)
    at JSON.parse (<anonymous>)
    at initializeModelChunk (http://localhost:8787/_next/static/chunks/89394_next_dist_compiled_react-server-dom-turbopack_187deae5._.js:1064:30)
    at resolveConsoleEntry (http://localhost:8787/_next/static/chunks/89394_next_dist_compiled_react-server-dom-turbopack_187deae5._.js:2020:96)
    at processFullStringRow (http://localhost:8787/_next/static/chunks/89394_next_dist_compiled_react-server-dom-turbopack_187deae5._.js:2421:17)
    at processFullBinaryRow (http://localhost:8787/_next/static/chunks/89394_next_dist_compiled_react-server-dom-turbopack_187deae5._.js:2361:9)
    at processBinaryChunk (http://localhost:8787/_next/static/chunks/89394_next_dist_compiled_react-server-dom-turbopack_187deae5._.js:2470:221)
    at progress (http://localhost:8787/_next/static/chunks/89394_next_dist_compiled_react-server-dom-turbopack_187deae5._.js:2640:13) @ http://localhost:8787/_next/static/chunks/89394_next_dist_703f1a24._.js:3127
[ 5578157ms] [ERROR] %c%s%c background: #e6e6e6;background: light-dark(rgba(0,0,0,0.1), rgba(255,255,255,0.25));color: #000000;color: light-dark(#000000, #ffffff);border-radius: 2px  Server   Error: FORMATTING_ERROR: The intl string context variable "count" was not provided to the string "Choose from our collection of {count}+ free PDF tools to handle any task."
    at HomePage (about://React/Server/file:///Users/zhenghui/Documents/repos/pdfuck/.next/dev/server/chunks/ssr/%5Broot-of-the-server%5D__c844d0c8._.js?438:4089:47)
    at resolveErrorDev (http://localhost:8787/_next/static/chunks/89394_next_dist_compiled_react-server-dom-turbopack_187deae5._.js:1894:106)
    at getOutlinedModel (http://localhost:8787/_next/static/chunks/89394_next_dist_compiled_react-server-dom-turbopack_187deae5._.js:1447:28)
    at parseModelString (http://localhost:8787/_next/static/chunks/89394_next_dist_compiled_react-server-dom-turbopack_187deae5._.js:1561:50)
    at Object.<anonymous> (http://localhost:8787/_next/static/chunks/89394_next_dist_compiled_react-server-dom-turbopack_187deae5._.js:2486:55)
    at JSON.parse (<anonymous>)
    at initializeModelChunk (http://localhost:8787/_next/static/chunks/89394_next_dist_compiled_react-server-dom-turbopack_187deae5._.js:1064:30)
    at getOutlinedModel (http://localhost:8787/_next/static/chunks/89394_next_dist_compiled_react-server-dom-turbopack_187deae5._.js:1385:17)
    at parseModelString (http://localhost:8787/_next/static/chunks/89394_next_dist_compiled_react-server-dom-turbopack_187deae5._.js:1615:50)
    at Array.<anonymous> (http://localhost:8787/_next/static/chunks/89394_next_dist_compiled_react-server-dom-turbopack_187deae5._.js:2486:55)
    at JSON.parse (<anonymous>)
    at initializeModelChunk (http://localhost:8787/_next/static/chunks/89394_next_dist_compiled_react-server-dom-turbopack_187deae5._.js:1064:30)
    at resolveConsoleEntry (http://localhost:8787/_next/static/chunks/89394_next_dist_compiled_react-server-dom-turbopack_187deae5._.js:2020:96)
    at processFullStringRow (http://localhost:8787/_next/static/chunks/89394_next_dist_compiled_react-server-dom-turbopack_187deae5._.js:2421:17)
    at processFullBinaryRow (http://localhost:8787/_next/static/chunks/89394_next_dist_compiled_react-server-dom-turbopack_187deae5._.js:2361:9)
    at processBinaryChunk (http://localhost:8787/_next/static/chunks/89394_next_dist_compiled_react-server-dom-turbopack_187deae5._.js:2470:221)
    at progress (http://localhost:8787/_next/static/chunks/89394_next_dist_compiled_react-server-dom-turbopack_187deae5._.js:2640:13) @ http://localhost:8787/_next/static/chunks/89394_next_dist_703f1a24._.js:3127
[ 5578160ms] [ERROR] %c%s%c background: #e6e6e6;background: light-dark(rgba(0,0,0,0.1), rgba(255,255,255,0.25));color: #000000;color: light-dark(#000000, #ffffff);border-radius: 2px  Server   Error: FORMATTING_ERROR: The intl string context variable "count" was not provided to the string "Choose from our collection of {count}+ free PDF tools to handle any task."
    at HomePage (about://React/Server/file:///Users/zhenghui/Documents/repos/pdfuck/.next/dev/server/chunks/ssr/%5Broot-of-the-server%5D__c844d0c8._.js?438:4089:47)
    at resolveErrorDev (http://localhost:8787/_next/static/chunks/89394_next_dist_compiled_react-server-dom-turbopack_187deae5._.js:1894:106)
    at getOutlinedModel (http://localhost:8787/_next/static/chunks/89394_next_dist_compiled_react-server-dom-turbopack_187deae5._.js:1447:28)
    at parseModelString (http://localhost:8787/_next/static/chunks/89394_next_dist_compiled_react-server-dom-turbopack_187deae5._.js:1561:50)
    at Object.<anonymous> (http://localhost:8787/_next/static/chunks/89394_next_dist_compiled_react-server-dom-turbopack_187deae5._.js:2486:55)
    at JSON.parse (<anonymous>)
    at initializeModelChunk (http://localhost:8787/_next/static/chunks/89394_next_dist_compiled_react-server-dom-turbopack_187deae5._.js:1064:30)
    at getOutlinedModel (http://localhost:8787/_next/static/chunks/89394_next_dist_compiled_react-server-dom-turbopack_187deae5._.js:1385:17)
    at parseModelString (http://localhost:8787/_next/static/chunks/89394_next_dist_compiled_react-server-dom-turbopack_187deae5._.js:1615:50)
    at Array.<anonymous> (http://localhost:8787/_next/static/chunks/89394_next_dist_compiled_react-server-dom-turbopack_187deae5._.js:2486:55)
    at JSON.parse (<anonymous>)
    at initializeModelChunk (http://localhost:8787/_next/static/chunks/89394_next_dist_compiled_react-server-dom-turbopack_187deae5._.js:1064:30)
    at resolveConsoleEntry (http://localhost:8787/_next/static/chunks/89394_next_dist_compiled_react-server-dom-turbopack_187deae5._.js:2020:96)
    at processFullStringRow (http://localhost:8787/_next/static/chunks/89394_next_dist_compiled_react-server-dom-turbopack_187deae5._.js:2421:17)
    at processFullBinaryRow (http://localhost:8787/_next/static/chunks/89394_next_dist_compiled_react-server-dom-turbopack_187deae5._.js:2361:9)
    at processBinaryChunk (http://localhost:8787/_next/static/chunks/89394_next_dist_compiled_react-server-dom-turbopack_187deae5._.js:2470:221)
    at progress (http://localhost:8787/_next/static/chunks/89394_next_dist_compiled_react-server-dom-turbopack_187deae5._.js:2640:13) @ http://localhost:8787/_next/static/chunks/89394_next_dist_703f1a24._.js:3127
[ 5579190ms] [ERROR] %c%s%c background: #e6e6e6;background: light-dark(rgba(0,0,0,0.1), rgba(255,255,255,0.25));color: #000000;color: light-dark(#000000, #ffffff);border-radius: 2px  Server   Error: FORMATTING_ERROR: The intl string context variable "count" was not provided to the string "Choose from our collection of {count}+ free PDF tools to handle any task."
    at HomePage (about://React/Server/file:///Users/zhenghui/Documents/repos/pdfuck/.next/dev/server/chunks/ssr/%5Broot-of-the-server%5D__c844d0c8._.js?438:4089:47)
    at resolveErrorDev (http://localhost:8787/_next/static/chunks/89394_next_dist_compiled_react-server-dom-turbopack_187deae5._.js:1894:106)
    at getOutlinedModel (http://localhost:8787/_next/static/chunks/89394_next_dist_compiled_react-server-dom-turbopack_187deae5._.js:1447:28)
    at parseModelString (http://localhost:8787/_next/static/chunks/89394_next_dist_compiled_react-server-dom-turbopack_187deae5._.js:1561:50)
    at Object.<anonymous> (http://localhost:8787/_next/static/chunks/89394_next_dist_compiled_react-server-dom-turbopack_187deae5._.js:2486:55)
    at JSON.parse (<anonymous>)
    at initializeModelChunk (http://localhost:8787/_next/static/chunks/89394_next_dist_compiled_react-server-dom-turbopack_187deae5._.js:1064:30)
    at getOutlinedModel (http://localhost:8787/_next/static/chunks/89394_next_dist_compiled_react-server-dom-turbopack_187deae5._.js:1385:17)
    at parseModelString (http://localhost:8787/_next/static/chunks/89394_next_dist_compiled_react-server-dom-turbopack_187deae5._.js:1615:50)
    at Array.<anonymous> (http://localhost:8787/_next/static/chunks/89394_next_dist_compiled_react-server-dom-turbopack_187deae5._.js:2486:55)
    at JSON.parse (<anonymous>)
    at initializeModelChunk (http://localhost:8787/_next/static/chunks/89394_next_dist_compiled_react-server-dom-turbopack_187deae5._.js:1064:30)
    at resolveConsoleEntry (http://localhost:8787/_next/static/chunks/89394_next_dist_compiled_react-server-dom-turbopack_187deae5._.js:2020:96)
    at processFullStringRow (http://localhost:8787/_next/static/chunks/89394_next_dist_compiled_react-server-dom-turbopack_187deae5._.js:2421:17)
    at processFullBinaryRow (http://localhost:8787/_next/static/chunks/89394_next_dist_compiled_react-server-dom-turbopack_187deae5._.js:2361:9)
    at processBinaryChunk (http://localhost:8787/_next/static/chunks/89394_next_dist_compiled_react-server-dom-turbopack_187deae5._.js:2470:221)
    at progress (http://localhost:8787/_next/static/chunks/89394_next_dist_compiled_react-server-dom-turbopack_187deae5._.js:2640:13) @ http://localhost:8787/_next/static/chunks/89394_next_dist_703f1a24._.js:3127
[ 5579295ms] [ERROR] %c%s%c background: #e6e6e6;background: light-dark(rgba(0,0,0,0.1), rgba(255,255,255,0.25));color: #000000;color: light-dark(#000000, #ffffff);border-radius: 2px  Server   Error: FORMATTING_ERROR: The intl string context variable "count" was not provided to the string "Choose from our collection of {count}+ free PDF tools to handle any task."
    at HomePage (about://React/Server/file:///Users/zhenghui/Documents/repos/pdfuck/.next/dev/server/chunks/ssr/%5Broot-of-the-server%5D__c844d0c8._.js?438:4089:47)
    at resolveErrorDev (http://localhost:8787/_next/static/chunks/89394_next_dist_compiled_react-server-dom-turbopack_187deae5._.js:1894:106)
    at getOutlinedModel (http://localhost:8787/_next/static/chunks/89394_next_dist_compiled_react-server-dom-turbopack_187deae5._.js:1447:28)
    at parseModelString (http://localhost:8787/_next/static/chunks/89394_next_dist_compiled_react-server-dom-turbopack_187deae5._.js:1561:50)
    at Object.<anonymous> (http://localhost:8787/_next/static/chunks/89394_next_dist_compiled_react-server-dom-turbopack_187deae5._.js:2486:55)
    at JSON.parse (<anonymous>)
    at initializeModelChunk (http://localhost:8787/_next/static/chunks/89394_next_dist_compiled_react-server-dom-turbopack_187deae5._.js:1064:30)
    at getOutlinedModel (http://localhost:8787/_next/static/chunks/89394_next_dist_compiled_react-server-dom-turbopack_187deae5._.js:1385:17)
    at parseModelString (http://localhost:8787/_next/static/chunks/89394_next_dist_compiled_react-server-dom-turbopack_187deae5._.js:1615:50)
    at Array.<anonymous> (http://localhost:8787/_next/static/chunks/89394_next_dist_compiled_react-server-dom-turbopack_187deae5._.js:2486:55)
    at JSON.parse (<anonymous>)
    at initializeModelChunk (http://localhost:8787/_next/static/chunks/89394_next_dist_compiled_react-server-dom-turbopack_187deae5._.js:1064:30)
    at resolveConsoleEntry (http://localhost:8787/_next/static/chunks/89394_next_dist_compiled_react-server-dom-turbopack_187deae5._.js:2020:96)
    at processFullStringRow (http://localhost:8787/_next/static/chunks/89394_next_dist_compiled_react-server-dom-turbopack_187deae5._.js:2421:17)
    at processFullBinaryRow (http://localhost:8787/_next/static/chunks/89394_next_dist_compiled_react-server-dom-turbopack_187deae5._.js:2361:9)
    at processBinaryChunk (http://localhost:8787/_next/static/chunks/89394_next_dist_compiled_react-server-dom-turbopack_187deae5._.js:2470:221)
    at progress (http://localhost:8787/_next/static/chunks/89394_next_dist_compiled_react-server-dom-turbopack_187deae5._.js:2640:13) @ http://localhost:8787/_next/static/chunks/89394_next_dist_703f1a24._.js:3127
[ 5579298ms] [ERROR] %c%s%c background: #e6e6e6;background: light-dark(rgba(0,0,0,0.1), rgba(255,255,255,0.25));color: #000000;color: light-dark(#000000, #ffffff);border-radius: 2px  Server   Error: FORMATTING_ERROR: The intl string context variable "count" was not provided to the string "Choose from our collection of {count}+ free PDF tools to handle any task."
    at HomePage (about://React/Server/file:///Users/zhenghui/Documents/repos/pdfuck/.next/dev/server/chunks/ssr/%5Broot-of-the-server%5D__c844d0c8._.js?438:4089:47)
    at resolveErrorDev (http://localhost:8787/_next/static/chunks/89394_next_dist_compiled_react-server-dom-turbopack_187deae5._.js:1894:106)
    at getOutlinedModel (http://localhost:8787/_next/static/chunks/89394_next_dist_compiled_react-server-dom-turbopack_187deae5._.js:1447:28)
    at parseModelString (http://localhost:8787/_next/static/chunks/89394_next_dist_compiled_react-server-dom-turbopack_187deae5._.js:1561:50)
    at Object.<anonymous> (http://localhost:8787/_next/static/chunks/89394_next_dist_compiled_react-server-dom-turbopack_187deae5._.js:2486:55)
    at JSON.parse (<anonymous>)
    at initializeModelChunk (http://localhost:8787/_next/static/chunks/89394_next_dist_compiled_react-server-dom-turbopack_187deae5._.js:1064:30)
    at getOutlinedModel (http://localhost:8787/_next/static/chunks/89394_next_dist_compiled_react-server-dom-turbopack_187deae5._.js:1385:17)
    at parseModelString (http://localhost:8787/_next/static/chunks/89394_next_dist_compiled_react-server-dom-turbopack_187deae5._.js:1615:50)
    at Array.<anonymous> (http://localhost:8787/_next/static/chunks/89394_next_dist_compiled_react-server-dom-turbopack_187deae5._.js:2486:55)
    at JSON.parse (<anonymous>)
    at initializeModelChunk (http://localhost:8787/_next/static/chunks/89394_next_dist_compiled_react-server-dom-turbopack_187deae5._.js:1064:30)
    at resolveConsoleEntry (http://localhost:8787/_next/static/chunks/89394_next_dist_compiled_react-server-dom-turbopack_187deae5._.js:2020:96)
    at processFullStringRow (http://localhost:8787/_next/static/chunks/89394_next_dist_compiled_react-server-dom-turbopack_187deae5._.js:2421:17)
    at processFullBinaryRow (http://localhost:8787/_next/static/chunks/89394_next_dist_compiled_react-server-dom-turbopack_187deae5._.js:2361:9)
    at processBinaryChunk (http://localhost:8787/_next/static/chunks/89394_next_dist_compiled_react-server-dom-turbopack_187deae5._.js:2470:221)
    at progress (http://localhost:8787/_next/static/chunks/89394_next_dist_compiled_react-server-dom-turbopack_187deae5._.js:2640:13) @ http://localhost:8787/_next/static/chunks/89394_next_dist_703f1a24._.js:3127
[ 6819389ms] [ERROR] Failed to load resource: net::ERR_EMPTY_RESPONSE @ http://pdf/manifest.webmanifest:0
[ 6963096ms] [ERROR] Failed to load resource: net::ERR_CONNECTION_CLOSED @ https://pdfuck.com/manifest.webmanifest:0
